mode: set
github.com/sundar-cs/TEST1/controllers/memcached_controller.go:46.80,53.16 5 0
github.com/sundar-cs/TEST1/controllers/memcached_controller.go:67.2,69.42 3 0
github.com/sundar-cs/TEST1/controllers/memcached_controller.go:86.2,87.34 2 0
github.com/sundar-cs/TEST1/controllers/memcached_controller.go:100.2,105.57 3 0
github.com/sundar-cs/TEST1/controllers/memcached_controller.go:109.2,112.58 2 0
github.com/sundar-cs/TEST1/controllers/memcached_controller.go:121.2,121.27 1 0
github.com/sundar-cs/TEST1/controllers/memcached_controller.go:53.16,54.29 1 0
github.com/sundar-cs/TEST1/controllers/memcached_controller.go:62.3,63.28 2 0
github.com/sundar-cs/TEST1/controllers/memcached_controller.go:54.29,60.4 2 0
github.com/sundar-cs/TEST1/controllers/memcached_controller.go:69.42,74.17 4 0
github.com/sundar-cs/TEST1/controllers/memcached_controller.go:79.3,79.41 1 0
github.com/sundar-cs/TEST1/controllers/memcached_controller.go:74.17,77.4 2 0
github.com/sundar-cs/TEST1/controllers/memcached_controller.go:80.8,80.23 1 0
github.com/sundar-cs/TEST1/controllers/memcached_controller.go:80.23,83.3 2 0
github.com/sundar-cs/TEST1/controllers/memcached_controller.go:87.34,90.17 3 0
github.com/sundar-cs/TEST1/controllers/memcached_controller.go:95.3,95.41 1 0
github.com/sundar-cs/TEST1/controllers/memcached_controller.go:90.17,93.4 2 0
github.com/sundar-cs/TEST1/controllers/memcached_controller.go:105.57,108.3 2 0
github.com/sundar-cs/TEST1/controllers/memcached_controller.go:112.58,115.17 3 0
github.com/sundar-cs/TEST1/controllers/memcached_controller.go:115.17,118.4 2 0
github.com/sundar-cs/TEST1/controllers/memcached_controller.go:125.95,160.2 5 0
github.com/sundar-cs/TEST1/controllers/memcached_controller.go:164.56,166.2 1 0
github.com/sundar-cs/TEST1/controllers/memcached_controller.go:169.46,171.27 2 0
github.com/sundar-cs/TEST1/controllers/memcached_controller.go:174.2,174.17 1 0
github.com/sundar-cs/TEST1/controllers/memcached_controller.go:171.27,173.3 1 0
github.com/sundar-cs/TEST1/controllers/memcached_controller.go:177.72,182.2 1 0
github.com/sundar-cs/TEST1/controllers/cpucached_controller.go:46.80,53.16 5 0
github.com/sundar-cs/TEST1/controllers/cpucached_controller.go:67.2,69.42 3 0
github.com/sundar-cs/TEST1/controllers/cpucached_controller.go:86.2,87.34 2 0
github.com/sundar-cs/TEST1/controllers/cpucached_controller.go:100.2,105.57 3 0
github.com/sundar-cs/TEST1/controllers/cpucached_controller.go:109.2,112.58 2 0
github.com/sundar-cs/TEST1/controllers/cpucached_controller.go:121.2,121.27 1 0
github.com/sundar-cs/TEST1/controllers/cpucached_controller.go:53.16,54.29 1 0
github.com/sundar-cs/TEST1/controllers/cpucached_controller.go:62.3,63.28 2 0
github.com/sundar-cs/TEST1/controllers/cpucached_controller.go:54.29,60.4 2 0
github.com/sundar-cs/TEST1/controllers/cpucached_controller.go:69.42,74.17 4 0
github.com/sundar-cs/TEST1/controllers/cpucached_controller.go:79.3,79.41 1 0
github.com/sundar-cs/TEST1/controllers/cpucached_controller.go:74.17,77.4 2 0
github.com/sundar-cs/TEST1/controllers/cpucached_controller.go:80.8,80.23 1 0
github.com/sundar-cs/TEST1/controllers/cpucached_controller.go:80.23,83.3 2 0
github.com/sundar-cs/TEST1/controllers/cpucached_controller.go:87.34,90.17 3 0
github.com/sundar-cs/TEST1/controllers/cpucached_controller.go:95.3,95.41 1 0
github.com/sundar-cs/TEST1/controllers/cpucached_controller.go:90.17,93.4 2 0
github.com/sundar-cs/TEST1/controllers/cpucached_controller.go:105.57,108.3 2 0
github.com/sundar-cs/TEST1/controllers/cpucached_controller.go:112.58,115.17 3 0
github.com/sundar-cs/TEST1/controllers/cpucached_controller.go:115.17,118.4 2 0
github.com/sundar-cs/TEST1/controllers/cpucached_controller.go:125.95,160.2 5 0
github.com/sundar-cs/TEST1/controllers/cpucached_controller.go:164.56,166.2 1 0
github.com/sundar-cs/TEST1/controllers/cpucached_controller.go:169.47,171.27 2 0
github.com/sundar-cs/TEST1/controllers/cpucached_controller.go:174.2,174.17 1 0
github.com/sundar-cs/TEST1/controllers/cpucached_controller.go:171.27,173.3 1 0
github.com/sundar-cs/TEST1/controllers/cpucached_controller.go:177.72,182.2 1 0
